Args: "D:\Program Files D\SteamLibrary\steamapps\common\Quake\bulletride\src\win64-fteqcc.exe"
FTEQCC: Apr 20 2019
Source file: progs.src
outputfile: /quake/bulletride/progs.dat
compiling defs.qc
compiling subs.qc
compiling fight.qc
in function ShamCheckAttack (line 295),
fight.qc:299: warning F306: Local "enemy_yaw" hides global with same name and type
fight.qc:31:    float enemy_yaw is defined here
compiling ai.qc
in function FindTarget (line 353),
ai.qc:368: warning Q203: 'FindTarget' returned nothing, expected float
in function CheckAnyAttack (line 585),
ai.qc:588: warning Q203: 'CheckAnyAttack' returned nothing, expected float
compiling combat.qc
compiling items.qc
in function PlaceItem (line 37),
items.qc:47: warning Q105: too few parameters on call to droptofloor, yaw will be UNDEFINED
defs.qc:602:    const float(float yaw, float dist) droptofloor is defined here
compiling weapons.qc
in function SpawnMeatSpray (line 90),
weapons.qc:92: warning Q207: org duplicate definition ignored
weapons.qc:90:    vector org is defined here
compiling world.qc
compiling client.qc
in function PutClientInServer (line 480),
client.qc:507: warning F307: type mismatch: void() player_pain to void(entity attacker, float damage) self.th_pain
client.qc:5:    const void() player_pain is defined here
compiling player.qc
compiling monsters.qc
in function walkmonster_start_go (line 70),
monsters.qc:75: warning Q105: too few parameters on call to droptofloor, yaw will be UNDEFINED
defs.qc:602:    const float(float yaw, float dist) droptofloor is defined here
compiling doors.qc
in function fd_secret_use (line 566),
doors.qc:581: warning F307: type mismatch: void() SUB_Null to void(entity attacker, float damage) self.th_pain
defs.qc:679:    const void() SUB_Null is defined here
in function fd_secret_done (line 663),
doors.qc:668: warning F307: type mismatch: void() fd_secret_use to void(entity attacker, float damage) self.th_pain
doors.qc:566:    const void() fd_secret_use is defined here
in function func_door_secret (line 723),
doors.qc:772: warning F307: type mismatch: void() fd_secret_use to void(entity attacker, float damage) self.th_pain
doors.qc:566:    const void() fd_secret_use is defined here
compiling buttons.qc
compiling triggers.qc
compiling plats.qc
compiling misc.qc
in function misc_fireball (line 172),
misc.qc:179: warning Q205: Statement does not do anything
in function misc_explobox (line 235),
misc.qc:249: warning Q105: too few parameters on call to droptofloor, yaw will be UNDEFINED
defs.qc:602:    const float(float yaw, float dist) droptofloor is defined here
in function misc_explobox2 (line 267),
misc.qc:281: warning Q105: too few parameters on call to droptofloor, yaw will be UNDEFINED
defs.qc:602:    const float(float yaw, float dist) droptofloor is defined here
in function func_illusionary (line 531),
misc.qc:536: warning Q105: too few parameters on call to makestatic, e will be UNDEFINED
defs.qc:650:    const void(entity e) makestatic is defined here
compiling ogre.qc
in function ogre_smash12 (line 249),
ogre.qc:249: warning Q105: too few parameters on call to ai_charge, d will be UNDEFINED
fight.qc:157:    const void(float d) ai_charge is defined here
compiling demon.qc
compiling shambler.qc
compiling knight.qc
at global scope,
knight.qc:32: warning F318: Duplicate macro defined (attackb1). Rename it.
compiling soldier.qc
compiling wizard.qc
compiling dog.qc
in function monster_dog (line 331),
dog.qc:357: warning F307: type mismatch: void() dog_pain to void(entity attacker, float damage) self.th_pain
dog.qc:199:    const void() dog_pain is defined here
compiling zombie.qc
compiling boss.qc
compiling tarbaby.qc
compiling hknight.qc
compiling fish.qc
compiling shalrath.qc
in function monster_shalrath (line 205),
shalrath.qc:233: warning F307: type mismatch: void() shalrath_pain to void(entity attacker, float damage) self.th_pain
shalrath.qc:24:    const void() shalrath_pain is defined here
compiling enforcer.qc
in function LaunchLaser (line 75),
enforcer.qc:76: warning Q207: vec duplicate definition ignored
enforcer.qc:75:    vector vec is defined here
compiling oldone.qc
at global scope,
oldone.qc:29: warning F318: Duplicate macro defined (shake12). Rename it.
in function monster_oldone (line 253),
oldone.qc:277: warning F307: type mismatch: void() nopain to void(entity attacker, float damage) self.th_pain
oldone.qc:243:    const void() nopain is defined here
in function SetMovedir (line 13),
subs.qc:25: warning Q206: SetMovedir: not all control paths return a value
in function FindIntermission (line 104),
client.qc:134: warning Q206: FindIntermission: not all control paths return a value
in function WizardAttackFinished (line 169),
wizard.qc:180: warning Q206: WizardAttackFinished: not all control paths return a value
at global scope,
defs.qc:401: warning Q302: float empty_float  no references.
in function ShamCheckAttack (line 295),
fight.qc:298: warning Q302: float chance  no references.
fight.qc:299: warning Q302: float enemy_yaw  no references.
at global scope,
ai.qc:37: warning Q302: float current_yaw  no references.
in function ai_walk (line 475),
ai.qc:476: warning Q302: vector mtemp  no references.
in function ai_run (line 678),
ai.qc:679: warning Q302: vector delta  no references.
ai.qc:680: warning Q302: float axis  no references.
ai.qc:681: warning Q302: float direct  no references.
ai.qc:681: warning Q302: float ang_rint  no references.
ai.qc:681: warning Q302: float ang_floor  no references.
at global scope,
note: suppressed 44 more warnings about unreferenced variables, as you clearly don't care about the first 10.
ai.qc:302: warning F210: Sound "vomitus/v_sight1.wav" was used but not directly precached
Error while writing output /quake/bulletride/progs.datdwad